2016-04-01 -- INFO       page.classes.ExpediaHomePageFactory - adultsOnFlightDropDown value selected
2016-04-01 -- INFO       page.classes.ExpediaHomePageFactory - searchButton clicked
2016-04-01 -- INFO       page.classes.ExpediaHomePageFactory - headerHistoryLink and flightsTabLink clicked
2016-04-01 -- INFO       page.classes.ExpediaHomePageFactory - originCityTextBox value set
2016-04-01 -- INFO       page.classes.ExpediaHomePageFactory - destinationCityTextBox value set
2016-04-01 -- INFO       page.classes.ExpediaHomePageFactory - departureDateTextBoxDatePicker value set
2016-04-01 -- INFO       page.classes.ExpediaHomePageFactory - returnDateTextBoxDatePicker value set
2016-04-01 -- INFO       page.classes.ExpediaHomePageFactory - adultsOnFlightDropDown value selected
2016-04-01 -- INFO       page.classes.ExpediaHomePageFactory - searchButton clicked
2016-04-01 -- INFO       page.classes.ExpediaHomePageFactory - headerHistoryLink and flightsTabLink clicked
2016-04-01 -- INFO       page.classes.ExpediaHomePageFactory - originCityTextBox value set
2016-04-01 -- INFO       page.classes.ExpediaHomePageFactory - destinationCityTextBox value set
2016-04-01 -- INFO       page.classes.ExpediaHomePageFactory - departureDateTextBoxDatePicker value set
2016-04-01 -- INFO       page.classes.ExpediaHomePageFactory - returnDateTextBoxDatePicker value set
2016-04-01 -- INFO       page.classes.ExpediaHomePageFactory - adultsOnFlightDropDown value selected
2016-04-01 -- INFO       page.classes.ExpediaHomePageFactory - searchButton clicked
2016-04-01 -- INFO       page.classes.ExpediaHomePageFactory - headerHistoryLink and flightsTabLink clicked
2016-04-01 -- INFO       page.classes.ExpediaHomePageFactory - originCityTextBox value set
2016-04-01 -- INFO       page.classes.ExpediaHomePageFactory - destinationCityTextBox value set
2016-04-01 -- INFO       page.classes.ExpediaHomePageFactory - departureDateTextBoxDatePicker value set
2016-04-01 -- INFO       page.classes.ExpediaHomePageFactory - returnDateTextBoxDatePicker value set
2016-04-01 -- INFO       page.classes.ExpediaHomePageFactory - adultsOnFlightDropDown value selected
2016-04-01 -- INFO       page.classes.ExpediaHomePageFactory - searchButton clicked
2016-04-01 -- INFO       page.classes.ExpediaHomePageFactory - headerHistoryLink and flightsTabLink clicked
2016-04-01 -- INFO       page.classes.ExpediaHomePageFactory - originCityTextBox value set
2016-04-01 -- INFO       page.classes.ExpediaHomePageFactory - destinationCityTextBox value set
2016-04-01 -- INFO       page.classes.ExpediaHomePageFactory - departureDateTextBoxDatePicker value set
2016-04-01 -- INFO       page.classes.ExpediaHomePageFactory - returnDateTextBoxDatePicker value set
2016-04-01 -- INFO       page.classes.ExpediaHomePageFactory - adultsOnFlightDropDown value selected
2016-04-01 -- INFO       page.classes.ExpediaHomePageFactory - searchButton clicked
2016-04-01 -- INFO       page.classes.ExpediaHomePageFactory - headerHistoryLink and flightsTabLink clicked
2016-04-01 -- INFO       page.classes.ExpediaHomePageFactory - originCityTextBox value set
2016-04-01 -- INFO       page.classes.ExpediaHomePageFactory - destinationCityTextBox value set
2016-04-01 -- INFO       page.classes.ExpediaHomePageFactory - departureDateTextBoxDatePicker value set
2016-04-01 -- INFO       page.classes.ExpediaHomePageFactory - returnDateTextBoxDatePicker value set
2016-04-01 -- INFO       page.classes.ExpediaHomePageFactory - adultsOnFlightDropDown value selected
2016-04-01 -- INFO       page.classes.ExpediaHomePageFactory - searchButton clicked
2016-04-01 -- INFO       page.classes.ExpediaHomePageFactory - headerHistoryLink and flightsTabLink clicked
2016-04-01 -- INFO       page.classes.ExpediaHomePageFactory - originCityTextBox value set
2016-04-01 -- INFO       page.classes.ExpediaHomePageFactory - destinationCityTextBox value set
2016-04-01 -- INFO       page.classes.ExpediaHomePageFactory - departureDateTextBoxDatePicker value set
2016-04-01 -- INFO       page.classes.ExpediaHomePageFactory - returnDateTextBoxDatePicker value set
2016-04-01 -- INFO       page.classes.ExpediaHomePageFactory - adultsOnFlightDropDown value selected
2016-04-01 -- INFO       page.classes.ExpediaHomePageFactory - searchButton clicked
2016-04-01 -- INFO       page.classes.ExpediaHomePageFactory - headerHistoryLink and flightsTabLink clicked
2016-04-01 -- INFO       page.classes.ExpediaHomePageFactory - originCityTextBox value set
2016-04-01 -- INFO       page.classes.ExpediaHomePageFactory - destinationCityTextBox value set
2016-04-01 -- INFO       page.classes.ExpediaHomePageFactory - departureDateTextBoxDatePicker value set
2016-04-01 -- INFO       page.classes.ExpediaHomePageFactory - returnDateTextBoxDatePicker value set
2016-04-01 -- INFO       page.classes.ExpediaHomePageFactory - adultsOnFlightDropDown value selected
2016-04-01 -- INFO       page.classes.ExpediaHomePageFactory - searchButton clicked
2016-04-01 -- INFO       page.classes.ExpediaHomePageFactory - headerHistoryLink and flightsTabLink clicked
2016-04-01 -- INFO       page.classes.ExpediaHomePageFactory - originCityTextBox value set
2016-04-01 -- INFO       page.classes.ExpediaHomePageFactory - destinationCityTextBox value set
2016-04-01 -- INFO       page.classes.ExpediaHomePageFactory - departureDateTextBoxDatePicker value set
2016-04-01 -- INFO       page.classes.ExpediaHomePageFactory - returnDateTextBoxDatePicker value set
2016-04-01 -- INFO       page.classes.ExpediaHomePageFactory - adultsOnFlightDropDown value selected
2016-04-01 -- INFO       page.classes.ExpediaHomePageFactory - searchButton clicked
2016-04-01 -- INFO       page.classes.ExpediaHomePageFactory - headerHistoryLink and flightsTabLink clicked
2016-04-01 -- INFO       page.classes.ExpediaHomePageFactory - originCityTextBox value set
2016-04-01 -- INFO       page.classes.ExpediaHomePageFactory - destinationCityTextBox value set
2016-04-01 -- INFO       page.classes.ExpediaHomePageFactory - departureDateTextBoxDatePicker value set
2016-04-01 -- INFO       page.classes.ExpediaHomePageFactory - returnDateTextBoxDatePicker value set
2016-04-01 -- INFO       page.classes.ExpediaHomePageFactory - adultsOnFlightDropDown value selected
2016-04-01 -- INFO       page.classes.ExpediaHomePageFactory - searchButton clicked
2016-04-01 -- INFO       page.classes.ExpediaHomePageFactory - headerHistoryLink and flightsTabLink clicked
2016-04-01 -- INFO       page.classes.ExpediaHomePageFactory - originCityTextBox value set
2016-04-01 -- INFO       page.classes.ExpediaHomePageFactory - destinationCityTextBox value set
2016-04-01 -- INFO       page.classes.ExpediaHomePageFactory - departureDateTextBoxDatePicker value set
2016-04-01 -- INFO       page.classes.ExpediaHomePageFactory - returnDateTextBoxDatePicker value set
2016-04-01 -- INFO       page.classes.ExpediaHomePageFactory - adultsOnFlightDropDown value selected
2016-04-01 -- INFO       page.classes.ExpediaHomePageFactory - searchButton clicked
2016-04-01 -- INFO       page.classes.ExpediaHomePageFactory - headerHistoryLink and flightsTabLink clicked
2016-04-01 -- INFO       page.classes.ExpediaHomePageFactory - originCityTextBox value set
2016-04-01 -- INFO       page.classes.ExpediaHomePageFactory - destinationCityTextBox value set
2016-04-01 -- INFO       page.classes.ExpediaHomePageFactory - departureDateTextBoxDatePicker value set
2016-04-01 -- INFO       page.classes.ExpediaHomePageFactory - returnDateTextBoxDatePicker value set
2016-04-01 -- INFO       page.classes.ExpediaHomePageFactory - adultsOnFlightDropDown value selected
2016-04-01 -- INFO       page.classes.ExpediaHomePageFactory - searchButton clicked
2016-04-01 -- INFO       page.classes.ExpediaHomePageFactory - headerHistoryLink and flightsTabLink clicked
2016-04-01 -- INFO       page.classes.ExpediaHomePageFactory - originCityTextBox value set
2016-04-01 -- INFO       page.classes.ExpediaHomePageFactory - destinationCityTextBox value set
2016-04-01 -- INFO       page.classes.ExpediaHomePageFactory - departureDateTextBoxDatePicker value set
2016-04-01 -- INFO       page.classes.ExpediaHomePageFactory - returnDateTextBoxDatePicker value set
2016-04-01 -- INFO       page.classes.ExpediaHomePageFactory - adultsOnFlightDropDown value selected
2016-04-01 -- INFO       page.classes.ExpediaHomePageFactory - searchButton clicked
2016-04-01 -- INFO       page.classes.ExpediaHomePageFactory - headerHistoryLink and flightsTabLink clicked
2016-04-01 -- INFO       page.classes.ExpediaHomePageFactory - originCityTextBox value set
2016-04-01 -- INFO       page.classes.ExpediaHomePageFactory - destinationCityTextBox value set
2016-04-01 -- INFO       page.classes.ExpediaHomePageFactory - departureDateTextBoxDatePicker value set
2016-04-01 -- INFO       page.classes.ExpediaHomePageFactory - returnDateTextBoxDatePicker value set
2016-04-01 -- INFO       page.classes.ExpediaHomePageFactory - adultsOnFlightDropDown value selected
2016-04-01 -- INFO       page.classes.ExpediaHomePageFactory - searchButton clicked
